<?xml version="1.0" encoding="UTF-8"?>
<testng-results ignored="0" total="2" passed="2" failed="0" skipped="0">
  <reporter-output>
  </reporter-output>
  <suite started-at="2025-01-30T16:17:06 IST" name="Suite" finished-at="2025-01-30T16:17:06 IST" duration-ms="72">
    <groups>
    </groups>
    <test started-at="2025-01-30T16:17:06 IST" name="Test" finished-at="2025-01-30T16:17:06 IST" duration-ms="72">
      <class name="pac1.ContactTest">
        <test-method signature="CreateContactTest()[pri:0, instance:pac1.ContactTest@a1153bc]" started-at="2025-01-30T16:17:06 IST" name="CreateContactTest" finished-at="2025-01-30T16:17:06 IST" duration-ms="11" status="PASS">
          <reporter-output>
          </reporter-output>
        </test-method> <!-- CreateContactTest -->
        <test-method signature="ModifyContactTest()[pri:0, instance:pac1.ContactTest@a1153bc]" started-at="2025-01-30T16:17:06 IST" name="ModifyContactTest" finished-at="2025-01-30T16:17:06 IST" duration-ms="1" status="PASS">
          <reporter-output>
          </reporter-output>
        </test-method> <!-- ModifyContactTest -->
      </class> <!-- pac1.ContactTest -->
    </test> <!-- Test -->
  </suite> <!-- Suite -->
</testng-results>
